#
# A fatal error has been detected by the Java Runtime Environment:
#
#  EXCEPTION_ACCESS_VIOLATION (0xc0000005) at pc=0x0000000063214b48, pid=14952, tid=0x0000000000001fa4
#
# JRE version: Java(TM) SE Runtime Environment (8.0_162-b12) (build 1.8.0_162-b12)
# Java VM: Java HotSpot(TM) 64-Bit Server VM (25.162-b12 mixed mode windows-amd64 compressed oops)
# Problematic frame:
# V  [jvm.dll+0x114b48]
#
# Failed to write core dump. Minidumps are not enabled by default on client versions of Windows
#
# If you would like to submit a bug report, please visit:
#   http://bugreport.java.com/bugreport/crash.jsp
#

---------------  T H R E A D  ---------------

Current thread (0x0000000004a20000):  GCTaskThread [stack: 0x00000000144e0000,0x00000000145e0000] [id=8100]

siginfo: ExceptionCode=0xc0000005, reading address 0xffffffffffffffff

Registers:
RAX=0x00000000145e0000, RBX=0x00000000ac532898, RCX=0x0000000000000000, RDX=0x0000000000000013
RSP=0x00000000145df8e0, RBP=0x00000000c479242c, RSI=0x0000000004aeeb70, RDI=0x0000000004aeeb70
R8 =0x007ffffffff41994, R9 =0x00000000c4792428, R10=0x000000000000000c, R11=0x0000000063704598
R12=0x00000000c4792434, R13=0x00000001000067b0, R14=0x00000001000067b8, R15=0x00000000c4792410
RIP=0x0000000063214b48, EFLAGS=0x0000000000010202

Top of Stack: (sp=0x00000000145df8e0)
0x00000000145df8e0:   0000000100006598 0000000004aeeb70
0x00000000145df8f0:   0000000100006598 00000000632250c9
0x00000000145df900:   0000000000000000 00000000000003d8
0x00000000145df910:   0000000004a20d58 0000000004a120b0
0x00000000145df920:   0000000000000a35 00000000634f8970
0x00000000145df930:   0000000000000a35 0000000016e255a0
0x00000000145df940:   0000000004aeeb70 0000000004a20980
0x00000000145df950:   0000000000000000 0000000000000c00
0x00000000145df960:   0000000000000000 0000000000000000
0x00000000145df970:   0000000000000000 0000000019e45800
0x00000000145df980:   0000000000000001 0000000000000001
0x00000000145df990:   0000af2aa816fd23 0000000004a20d58
0x00000000145df9a0:   0000000004a20980 00000000000003d8
0x00000000145df9b0:   0000000004a20980 0000000004a120b0
0x00000000145df9c0:   0000000004a20970 0000000016e255a0
0x00000000145df9d0:   0000000004aeeb70 00000000634f5773 

Instructions: (pc=0x0000000063214b48)
0x0000000063214b28:   05 33 bd 70 00 49 c1 e8 03 49 d3 e8 41 0f b6 c0
0x0000000063214b38:   49 c1 e8 06 24 3f 0f b6 d0 48 8b 05 48 bd 70 00
0x0000000063214b48:   4a 8b 0c c0 48 0f a3 d1 0f 82 59 01 00 00 0f b6
0x0000000063214b58:   15 84 c9 6f 00 84 d2 74 16 44 8b 43 08 8b 0d 3d 


Register to memory mapping:

RAX=0x00000000145e0000 is an unknown value
RBX=0x00000000ac532898 is an unknown value
RCX=0x0000000000000000 is an unknown value
RDX=0x0000000000000013 is an unknown value
RSP=0x00000000145df8e0 is an unknown value
RBP=0x00000000c479242c is pointing into object: 0x00000000c4792410
java.lang.ref.Finalizer 
 - klass: 'java/lang/ref/Finalizer'
RSI=0x0000000004aeeb70 is an unknown value
RDI=0x0000000004aeeb70 is an unknown value
R8 =0x007ffffffff41994 is an unknown value
R9 =0x00000000c4792428 is pointing into object: 0x00000000c4792410
java.lang.ref.Finalizer 
 - klass: 'java/lang/ref/Finalizer'
R10=0x000000000000000c is an unknown value
R11=0x0000000063704598 is an unknown value
R12=0x00000000c4792434 is pointing into object: 0x00000000c4792410
java.lang.ref.Finalizer 
 - klass: 'java/lang/ref/Finalizer'
R13=0x00000001000067b0 is pointing into metadata
R14=0x00000001000067b8 is pointing into metadata
R15=0x00000000c4792410 is an oop
java.lang.ref.Finalizer 
 - klass: 'java/lang/ref/Finalizer'


Stack: [0x00000000144e0000,0x00000000145e0000],  sp=0x00000000145df8e0,  free space=1022k
Native frames: (J=compiled Java code, j=interpreted, Vv=VM code, C=native code)
V  [jvm.dll+0x114b48]
V  [jvm.dll+0x3f8970]
V  [jvm.dll+0x3f5773]
V  [jvm.dll+0x3f354e]
V  [jvm.dll+0x29ce3a]
C  [msvcr100.dll+0x21d7b]
C  [msvcr100.dll+0x21e17]
C  [KERNEL32.DLL+0x11fe4]
C  [ntdll.dll+0x6efc1]


---------------  P R O C E S S  ---------------

Java Threads: ( => current thread )
  0x0000000019e45800 JavaThread "ForkJoinPool.commonPool-worker-3" daemon [_thread_blocked, id=4788, stack(0x000000001b3c0000,0x000000001b4c0000)]
  0x0000000019581000 JavaThread "Time-limited test" daemon [_thread_blocked, id=3112, stack(0x0000000019af0000,0x0000000019bf0000)]
  0x0000000019218000 JavaThread "ReaderThread" [_thread_in_native, id=3064, stack(0x00000000199f0000,0x0000000019af0000)]
  0x0000000016fae800 JavaThread "Service Thread" daemon [_thread_blocked, id=13180, stack(0x0000000018ff0000,0x00000000190f0000)]
  0x0000000016f9a800 JavaThread "C1 CompilerThread2" daemon [_thread_blocked, id=10500, stack(0x0000000018ef0000,0x0000000018ff0000)]
  0x0000000016f95000 JavaThread "C2 CompilerThread1" daemon [_thread_blocked, id=9228, stack(0x0000000018df0000,0x0000000018ef0000)]
  0x0000000016f93000 JavaThread "C2 CompilerThread0" daemon [_thread_blocked, id=5220, stack(0x0000000018cf0000,0x0000000018df0000)]
  0x0000000016f87000 JavaThread "JDWP Command Reader" daemon [_thread_in_native, id=6988, stack(0x0000000018bf0000,0x0000000018cf0000)]
  0x0000000016f85800 JavaThread "JDWP Event Helper Thread" daemon [_thread_blocked, id=15124, stack(0x0000000018af0000,0x0000000018bf0000)]
  0x0000000016f76800 JavaThread "JDWP Transport Listener: dt_socket" daemon [_thread_blocked, id=13856, stack(0x00000000189c0000,0x0000000018ac0000)]
  0x0000000016f62800 JavaThread "Attach Listener" daemon [_thread_blocked, id=9672, stack(0x00000000188c0000,0x00000000189c0000)]
  0x0000000018403800 JavaThread "Signal Dispatcher" daemon [_thread_blocked, id=9608, stack(0x00000000187c0000,0x00000000188c0000)]
  0x0000000016f3a800 JavaThread "Finalizer" daemon [_thread_blocked, id=14068, stack(0x00000000181c0000,0x00000000182c0000)]
  0x0000000004af3000 JavaThread "Reference Handler" daemon [_thread_blocked, id=7160, stack(0x00000000180c0000,0x00000000181c0000)]
  0x0000000004a05000 JavaThread "main" [_thread_blocked, id=11240, stack(0x0000000004900000,0x0000000004a00000)]

Other Threads:
  0x0000000016f18000 VMThread [stack: 0x0000000017fc0000,0x00000000180c0000] [id=12956]
  0x0000000018493000 WatcherThread [stack: 0x00000000190f0000,0x00000000191f0000] [id=7892]

=>0x0000000004a20000 (exited) GCTaskThread [stack: 0x00000000144e0000,0x00000000145e0000] [id=8100]

VM state:at safepoint (normal execution)

VM Mutex/Monitor currently owned by a thread:  ([mutex/lock_event])
[0x0000000004a01fd0] Threads_lock - owner thread: 0x0000000016f18000
[0x0000000004a01bd0] Heap_lock - owner thread: 0x0000000019581000

Heap:
 PSYoungGen      total 34816K, used 1825K [0x00000000ec100000, 0x00000000eea00000, 0x0000000100000000)
  eden space 29184K, 0% used [0x00000000ec100000,0x00000000ec100000,0x00000000edd80000)
  from space 5632K, 32% used [0x00000000ee380000,0x00000000ee5487a8,0x00000000ee900000)
  to   space 6144K, 0% used [0x00000000edd80000,0x00000000edd80000,0x00000000ee380000)
 ParOldGen       total 40960K, used 9096K [0x00000000c4200000, 0x00000000c6a00000, 0x00000000ec100000)
  object space 40960K, 22% used [0x00000000c4200000,0x00000000c4ae22f0,0x00000000c6a00000)
 Metaspace       used 20671K, capacity 21172K, committed 21248K, reserved 1067008K
  class space    used 2637K, capacity 2794K, committed 2816K, reserved 1048576K

Card table byte_map: [0x0000000013ec0000,0x00000000140a0000] byte_map_base: 0x000000001389f000

Marking Bits: (ParMarkBitMap*) 0x0000000063920860
 Begin Bits: [0x00000000145e0000, 0x00000000154d8000)
 End Bits:   [0x00000000154d8000, 0x00000000163d0000)

Polling page: 0x0000000002780000

CodeCache: size=245760Kb used=6368Kb max_used=6368Kb free=239391Kb
 bounds [0x0000000004b00000, 0x0000000005140000, 0x0000000013b00000]
 total_blobs=2161 nmethods=1758 adapters=324
 compilation: enabled

Compilation events (10 events):
Event: 16.158 Thread 0x0000000016f9a800 nmethod 1752 0x0000000005136490 code [0x0000000005136620, 0x00000000051369f8]
Event: 16.158 Thread 0x0000000016f9a800 1753       3       org.springframework.core.ResolvableType::<init> (39 bytes)
Event: 16.159 Thread 0x0000000016f9a800 nmethod 1753 0x0000000005136b10 code [0x0000000005136c80, 0x0000000005136f08]
Event: 16.162 Thread 0x0000000016f93000 nmethod 1754 0x0000000005139ed0 code [0x000000000513a020, 0x000000000513a2f8]
Event: 16.172 Thread 0x0000000016f9a800 1755       3       java.security.CodeSource::getCertificates (98 bytes)
Event: 16.174 Thread 0x0000000016f9a800 nmethod 1755 0x0000000005138bd0 code [0x0000000005138de0, 0x0000000005139ac8]
Event: 16.186 Thread 0x0000000016f9a800 1757       3       java.lang.invoke.DirectMethodHandle::preparedLambdaForm (230 bytes)
Event: 16.188 Thread 0x0000000016f9a800 nmethod 1757 0x000000000513a610 code [0x000000000513a880, 0x000000000513b898]
Event: 16.188 Thread 0x0000000016f9a800 1759       3       java.lang.invoke.LambdaForm::signatureArity (28 bytes)
Event: 16.188 Thread 0x0000000016f9a800 nmethod 1759 0x0000000005138150 code [0x00000000051382c0, 0x00000000051385a8]

GC Heap History (10 events):
Event: 4.441 GC heap after
Heap after GC invocations=4 (full 0):
 PSYoungGen      total 17920K, used 2536K [0x00000000ec100000, 0x00000000ee400000, 0x0000000100000000)
  eden space 15360K, 0% used [0x00000000ec100000,0x00000000ec100000,0x00000000ed000000)
  from space 2560K, 99% used [0x00000000ed280000,0x00000000ed4fa050,0x00000000ed500000)
  to   space 2560K, 0% used [0x00000000ed000000,0x00000000ed000000,0x00000000ed280000)
 ParOldGen       total 40960K, used 5463K [0x00000000c4200000, 0x00000000c6a00000, 0x00000000ec100000)
  object space 40960K, 13% used [0x00000000c4200000,0x00000000c4755dd0,0x00000000c6a00000)
 Metaspace       used 14889K, capacity 15282K, committed 15616K, reserved 1062912K
  class space    used 1824K, capacity 1975K, committed 2048K, reserved 1048576K
}
Event: 15.132 GC heap before
{Heap before GC invocations=5 (full 0):
 PSYoungGen      total 17920K, used 17896K [0x00000000ec100000, 0x00000000ee400000, 0x0000000100000000)
  eden space 15360K, 100% used [0x00000000ec100000,0x00000000ed000000,0x00000000ed000000)
  from space 2560K, 99% used [0x00000000ed280000,0x00000000ed4fa050,0x00000000ed500000)
  to   space 2560K, 0% used [0x00000000ed000000,0x00000000ed000000,0x00000000ed280000)
 ParOldGen       total 40960K, used 5463K [0x00000000c4200000, 0x00000000c6a00000, 0x00000000ec100000)
  object space 40960K, 13% used [0x00000000c4200000,0x00000000c4755dd0,0x00000000c6a00000)
 Metaspace       used 16901K, capacity 17342K, committed 17408K, reserved 1064960K
  class space    used 2149K, capacity 2297K, committed 2304K, reserved 1048576K
Event: 15.140 GC heap after
Heap after GC invocations=5 (full 0):
 PSYoungGen      total 17920K, used 2528K [0x00000000ec100000, 0x00000000edb00000, 0x0000000100000000)
  eden space 15360K, 0% used [0x00000000ec100000,0x00000000ec100000,0x00000000ed000000)
  from space 2560K, 98% used [0x00000000ed000000,0x00000000ed2782f8,0x00000000ed280000)
  to   space 5632K, 0% used [0x00000000ed580000,0x00000000ed580000,0x00000000edb00000)
 ParOldGen       total 40960K, used 7009K [0x00000000c4200000, 0x00000000c6a00000, 0x00000000ec100000)
  object space 40960K, 17% used [0x00000000c4200000,0x00000000c48d8740,0x00000000c6a00000)
 Metaspace       used 16901K, capacity 17342K, committed 17408K, reserved 1064960K
  class space    used 2149K, capacity 2297K, committed 2304K, reserved 1048576K
}
Event: 15.662 GC heap before
{Heap before GC invocations=6 (full 0):
 PSYoungGen      total 17920K, used 17888K [0x00000000ec100000, 0x00000000edb00000, 0x0000000100000000)
  eden space 15360K, 100% used [0x00000000ec100000,0x00000000ed000000,0x00000000ed000000)
  from space 2560K, 98% used [0x00000000ed000000,0x00000000ed2782f8,0x00000000ed280000)
  to   space 5632K, 0% used [0x00000000ed580000,0x00000000ed580000,0x00000000edb00000)
 ParOldGen       total 40960K, used 7009K [0x00000000c4200000, 0x00000000c6a00000, 0x00000000ec100000)
  object space 40960K, 17% used [0x00000000c4200000,0x00000000c48d8740,0x00000000c6a00000)
 Metaspace       used 18945K, capacity 19450K, committed 19840K, reserved 1067008K
  class space    used 2407K, capacity 2571K, committed 2688K, reserved 1048576K
Event: 15.671 GC heap after
Heap after GC invocations=6 (full 0):
 PSYoungGen      total 20480K, used 4781K [0x00000000ec100000, 0x00000000edc00000, 0x0000000100000000)
  eden space 14848K, 0% used [0x00000000ec100000,0x00000000ec100000,0x00000000ecf80000)
  from space 5632K, 84% used [0x00000000ed580000,0x00000000eda2b7e0,0x00000000edb00000)
  to   space 6144K, 0% used [0x00000000ecf80000,0x00000000ecf80000,0x00000000ed580000)
 ParOldGen       total 40960K, used 7017K [0x00000000c4200000, 0x00000000c6a00000, 0x00000000ec100000)
  object space 40960K, 17% used [0x00000000c4200000,0x00000000c48da740,0x00000000c6a00000)
 Metaspace       used 18945K, capacity 19450K, committed 19840K, reserved 1067008K
  class space    used 2407K, capacity 2571K, committed 2688K, reserved 1048576K
}
Event: 16.112 GC heap before
{Heap before GC invocations=7 (full 0):
 PSYoungGen      total 20480K, used 19629K [0x00000000ec100000, 0x00000000edc00000, 0x0000000100000000)
  eden space 14848K, 100% used [0x00000000ec100000,0x00000000ecf80000,0x00000000ecf80000)
  from space 5632K, 84% used [0x00000000ed580000,0x00000000eda2b7e0,0x00000000edb00000)
  to   space 6144K, 0% used [0x00000000ecf80000,0x00000000ecf80000,0x00000000ed580000)
 ParOldGen       total 40960K, used 7017K [0x00000000c4200000, 0x00000000c6a00000, 0x00000000ec100000)
  object space 40960K, 17% used [0x00000000c4200000,0x00000000c48da740,0x00000000c6a00000)
 Metaspace       used 20430K, capacity 21000K, committed 21248K, reserved 1067008K
  class space    used 2602K, capacity 2758K, committed 2816K, reserved 1048576K
Event: 16.123 GC heap after
Heap after GC invocations=7 (full 0):
 PSYoungGen      total 20992K, used 3539K [0x00000000ec100000, 0x00000000ee900000, 0x0000000100000000)
  eden space 14848K, 0% used [0x00000000ec100000,0x00000000ec100000,0x00000000ecf80000)
  from space 6144K, 57% used [0x00000000ecf80000,0x00000000ed2f4fb8,0x00000000ed580000)
  to   space 5632K, 0% used [0x00000000ee380000,0x00000000ee380000,0x00000000ee900000)
 ParOldGen       total 40960K, used 8112K [0x00000000c4200000, 0x00000000c6a00000, 0x00000000ec100000)
  object space 40960K, 19% used [0x00000000c4200000,0x00000000c49ec2e0,0x00000000c6a00000)
 Metaspace       used 20430K, capacity 21000K, committed 21248K, reserved 1067008K
  class space    used 2602K, capacity 2758K, committed 2816K, reserved 1048576K
}
Event: 16.196 GC heap before
{Heap before GC invocations=8 (full 0):
 PSYoungGen      total 20992K, used 6521K [0x00000000ec100000, 0x00000000ee900000, 0x0000000100000000)
  eden space 14848K, 20% used [0x00000000ec100000,0x00000000ec3e94a0,0x00000000ecf80000)
  from space 6144K, 57% used [0x00000000ecf80000,0x00000000ed2f4fb8,0x00000000ed580000)
  to   space 5632K, 0% used [0x00000000ee380000,0x00000000ee380000,0x00000000ee900000)
 ParOldGen       total 40960K, used 8112K [0x00000000c4200000, 0x00000000c6a00000, 0x00000000ec100000)
  object space 40960K, 19% used [0x00000000c4200000,0x00000000c49ec2e0,0x00000000c6a00000)
 Metaspace       used 20671K, capacity 21172K, committed 21248K, reserved 1067008K
  class space    used 2637K, capacity 2794K, committed 2816K, reserved 1048576K
Event: 16.202 GC heap after
Heap after GC invocations=8 (full 0):
 PSYoungGen      total 34816K, used 1825K [0x00000000ec100000, 0x00000000eea00000, 0x0000000100000000)
  eden space 29184K, 0% used [0x00000000ec100000,0x00000000ec100000,0x00000000edd80000)
  from space 5632K, 32% used [0x00000000ee380000,0x00000000ee5487a8,0x00000000ee900000)
  to   space 6144K, 0% used [0x00000000edd80000,0x00000000edd80000,0x00000000ee380000)
 ParOldGen       total 40960K, used 9096K [0x00000000c4200000, 0x00000000c6a00000, 0x00000000ec100000)
  object space 40960K, 22% used [0x00000000c4200000,0x00000000c4ae22f0,0x00000000c6a00000)
 Metaspace       used 20671K, capacity 21172K, committed 21248K, reserved 1067008K
  class space    used 2637K, capacity 2794K, committed 2816K, reserved 1048576K
}
Event: 16.202 GC heap before
{Heap before GC invocations=9 (full 1):
 PSYoungGen      total 34816K, used 1825K [0x00000000ec100000, 0x00000000eea00000, 0x0000000100000000)
  eden space 29184K, 0% used [0x00000000ec100000,0x00000000ec100000,0x00000000edd80000)
  from space 5632K, 32% used [0x00000000ee380000,0x00000000ee5487a8,0x00000000ee900000)
  to   space 6144K, 0% used [0x00000000edd80000,0x00000000edd80000,0x00000000ee380000)
 ParOldGen       total 40960K, used 9096K [0x00000000c4200000, 0x00000000c6a00000, 0x00000000ec100000)
  object space 40960K, 22% used [0x00000000c4200000,0x00000000c4ae22f0,0x00000000c6a00000)
 Metaspace       used 20671K, capacity 21172K, committed 21248K, reserved 1067008K
  class space    used 2637K, capacity 2794K, committed 2816K, reserved 1048576K

Deoptimization events (10 events):
Event: 16.047 Thread 0x0000000019581000 Uncommon trap: reason=range_check action=none pc=0x0000000004fa1bdc method=sun.reflect.generics.parser.SignatureParser.current()C @ 34
Event: 16.049 Thread 0x0000000019581000 Uncommon trap: reason=range_check action=none pc=0x0000000004fa1bdc method=sun.reflect.generics.parser.SignatureParser.current()C @ 34
Event: 16.049 Thread 0x0000000019581000 Uncommon trap: reason=range_check action=none pc=0x0000000004fa1bdc method=sun.reflect.generics.parser.SignatureParser.current()C @ 34
Event: 16.053 Thread 0x0000000019581000 Uncommon trap: reason=range_check action=none pc=0x0000000004fa1bdc method=sun.reflect.generics.parser.SignatureParser.current()C @ 34
Event: 16.108 Thread 0x0000000019581000 Uncommon trap: reason=range_check action=none pc=0x0000000004fa1bdc method=sun.reflect.generics.parser.SignatureParser.current()C @ 34
Event: 16.109 Thread 0x0000000019581000 Uncommon trap: reason=range_check action=none pc=0x0000000004fa1bdc method=sun.reflect.generics.parser.SignatureParser.current()C @ 34
Event: 16.109 Thread 0x0000000019581000 Uncommon trap: reason=range_check action=none pc=0x0000000004fa1bdc method=sun.reflect.generics.parser.SignatureParser.current()C @ 34
Event: 16.130 Thread 0x0000000019581000 Uncommon trap: reason=range_check action=none pc=0x0000000004fa1bdc method=sun.reflect.generics.parser.SignatureParser.current()C @ 34
Event: 16.134 Thread 0x0000000019581000 Uncommon trap: reason=range_check action=none pc=0x0000000004fa1bdc method=sun.reflect.generics.parser.SignatureParser.current()C @ 34
Event: 16.134 Thread 0x0000000019581000 Uncommon trap: reason=range_check action=none pc=0x0000000004fa1bdc method=sun.reflect.generics.parser.SignatureParser.current()C @ 34

Classes redefined (0 events):
No events

Internal exceptions (10 events):
Event: 16.130 Thread 0x0000000019581000 Exception <a 'java/lang/ArrayIndexOutOfBoundsException': 39> (0x00000000ec145128) thrown at [C:\re\workspace\8-2-build-windows-amd64-cygwin\jdk8u162\10278\hotspot\src\share\vm\interpreter\interpreterRuntime.cpp, line 366]
Event: 16.134 Thread 0x0000000019581000 Exception <a 'java/lang/ClassNotFoundException': org/springframework/beans/factory/config/SmartInstantiationAwareBeanPostProcessorCustomizer> (0x00000000ec176e38) thrown at [C:\re\workspace\8-2-build-windows-amd64-cygwin\jdk8u162\10278\hotspot\src\share\v
Event: 16.134 Thread 0x0000000019581000 Exception <a 'java/lang/ArrayIndexOutOfBoundsException': 75> (0x00000000ec179118) thrown at [C:\re\workspace\8-2-build-windows-amd64-cygwin\jdk8u162\10278\hotspot\src\share\vm\interpreter\interpreterRuntime.cpp, line 366]
Event: 16.134 Thread 0x0000000019581000 Exception <a 'java/lang/ArrayIndexOutOfBoundsException': 60> (0x00000000ec17b488) thrown at [C:\re\workspace\8-2-build-windows-amd64-cygwin\jdk8u162\10278\hotspot\src\share\vm\interpreter\interpreterRuntime.cpp, line 366]
Event: 16.136 Thread 0x0000000019581000 Exception <a 'java/lang/ClassNotFoundException': org/springframework/beans/factory/BeanFactoryAwareCustomizer> (0x00000000ec193650) thrown at [C:\re\workspace\8-2-build-windows-amd64-cygwin\jdk8u162\10278\hotspot\src\share\vm\classfile\systemDictionary.cp
Event: 16.138 Thread 0x0000000019581000 Exception <a 'java/lang/ClassNotFoundException': org/springframework/core/OrderedCustomizer> (0x00000000ec1a5520) thrown at [C:\re\workspace\8-2-build-windows-amd64-cygwin\jdk8u162\10278\hotspot\src\share\vm\classfile\systemDictionary.cpp, line 210]
Event: 16.139 Thread 0x0000000019581000 Exception <a 'java/lang/ClassNotFoundException': org/springframework/beans/factory/BeanClassLoaderAwareCustomizer> (0x00000000ec1bb698) thrown at [C:\re\workspace\8-2-build-windows-amd64-cygwin\jdk8u162\10278\hotspot\src\share\vm\classfile\systemDictionar
Event: 16.141 Thread 0x0000000019581000 Exception <a 'java/lang/ClassNotFoundException': org/springframework/aop/framework/AopInfrastructureBeanCustomizer> (0x00000000ec1d1e00) thrown at [C:\re\workspace\8-2-build-windows-amd64-cygwin\jdk8u162\10278\hotspot\src\share\vm\classfile\systemDictiona
Event: 16.142 Thread 0x0000000019581000 Exception <a 'java/lang/ClassNotFoundException': java/io/SerializableCustomizer> (0x00000000ec1d9558) thrown at [C:\re\workspace\8-2-build-windows-amd64-cygwin\jdk8u162\10278\hotspot\src\share\vm\classfile\systemDictionary.cpp, line 210]
Event: 16.186 Thread 0x0000000019581000 Exception <a 'java/lang/NoSuchMethodError': java.lang.Object.lambda$thenComparing$36697e65$1(Ljava/util/Comparator;Ljava/lang/Object;Ljava/lang/Object;)I> (0x00000000ec3741a8) thrown at [C:\re\workspace\8-2-build-windows-amd64-cygwin\jdk8u162\10278\hotspo

Events (10 events):
Event: 16.194 Thread 0x0000000019581000 DEOPT UNPACKING pc=0x0000000004b47490 sp=0x0000000019becfe0 mode 1
Event: 16.195 loading class org/springframework/context/event/AbstractApplicationEventMulticaster
Event: 16.195 loading class org/springframework/context/event/AbstractApplicationEventMulticaster done
Event: 16.195 Thread 0x0000000019581000 DEOPT PACKING pc=0x0000000004cd6129 sp=0x0000000019beaa30
Event: 16.195 Thread 0x0000000019581000 DEOPT UNPACKING pc=0x0000000004b47490 sp=0x0000000019bea790 mode 1
Event: 16.195 Thread 0x0000000019581000 DEOPT PACKING pc=0x0000000004c95cbc sp=0x0000000019beaac0
Event: 16.195 Thread 0x0000000019581000 DEOPT UNPACKING pc=0x0000000004b47490 sp=0x0000000019bea8e0 mode 1
Event: 16.195 Thread 0x0000000019581000 DEOPT PACKING pc=0x0000000004c95a54 sp=0x0000000019beac50
Event: 16.195 Thread 0x0000000019581000 DEOPT UNPACKING pc=0x0000000004b47490 sp=0x0000000019beaa70 mode 1
Event: 16.196 Executing VM operation: CollectForMetadataAllocation


Dynamic libraries:
0x00007ff672030000 - 0x00007ff672067000 	C:\Program Files\Java\jre1.8.0_162\bin\javaw.exe
0x00007ff847ce0000 - 0x00007ff847ec0000 	C:\WINDOWS\SYSTEM32\ntdll.dll
0x00007ff845c10000 - 0x00007ff845cbe000 	C:\WINDOWS\System32\KERNEL32.DLL
0x00007ff8443c0000 - 0x00007ff844626000 	C:\WINDOWS\System32\KERNELBASE.dll
0x00007ff8477c0000 - 0x00007ff847861000 	C:\WINDOWS\System32\ADVAPI32.dll
0x00007ff845720000 - 0x00007ff8457bd000 	C:\WINDOWS\System32\msvcrt.dll
0x00007ff845d50000 - 0x00007ff845dab000 	C:\WINDOWS\System32\sechost.dll
0x00007ff847a10000 - 0x00007ff847b2f000 	C:\WINDOWS\System32\RPCRT4.dll
0x00007ff845590000 - 0x00007ff84571f000 	C:\WINDOWS\System32\USER32.dll
0x00007ff8448d0000 - 0x00007ff8448f0000 	C:\WINDOWS\System32\win32u.dll
0x00007ff847b30000 - 0x00007ff847b58000 	C:\WINDOWS\System32\GDI32.dll
0x00007ff844730000 - 0x00007ff8448c3000 	C:\WINDOWS\System32\gdi32full.dll
0x00007ff8448f0000 - 0x00007ff84498b000 	C:\WINDOWS\System32\msvcp_win.dll
0x00007ff844630000 - 0x00007ff844726000 	C:\WINDOWS\System32\ucrtbase.dll
0x00007ff836070000 - 0x00007ff8362d9000 	C:\WINDOWS\WinSxS\amd64_microsoft.windows.common-controls_6595b64144ccf1df_6.0.16299.248_none_15ced204935f55d7\COMCTL32.dll
0x00007ff845db0000 - 0x00007ff8460b8000 	C:\WINDOWS\System32\combase.dll
0x00007ff844290000 - 0x00007ff844302000 	C:\WINDOWS\System32\bcryptPrimitives.dll
0x00007ff8460c0000 - 0x00007ff8460ed000 	C:\WINDOWS\System32\IMM32.DLL
0x0000000062470000 - 0x0000000062541000 	C:\Program Files\Java\jre1.8.0_162\bin\msvcr100.dll
0x0000000063100000 - 0x00000000639a0000 	C:\Program Files\Java\jre1.8.0_162\bin\server\jvm.dll
0x00007ff845cc0000 - 0x00007ff845cc8000 	C:\WINDOWS\System32\PSAPI.DLL
0x00007ff83f2b0000 - 0x00007ff83f2b9000 	C:\WINDOWS\SYSTEM32\WSOCK32.dll
0x00007ff8475b0000 - 0x00007ff84761c000 	C:\WINDOWS\System32\WS2_32.dll
0x00007ff841eb0000 - 0x00007ff841ed3000 	C:\WINDOWS\SYSTEM32\WINMM.dll
0x00007ff83f2a0000 - 0x00007ff83f2aa000 	C:\WINDOWS\SYSTEM32\VERSION.dll
0x00007ff841e50000 - 0x00007ff841e7a000 	C:\WINDOWS\SYSTEM32\winmmbase.dll
0x00007ff844310000 - 0x00007ff84435a000 	C:\WINDOWS\System32\cfgmgr32.dll
0x00000000630f0000 - 0x00000000630ff000 	C:\Program Files\Java\jre1.8.0_162\bin\verify.dll
0x00000000630c0000 - 0x00000000630e9000 	C:\Program Files\Java\jre1.8.0_162\bin\java.dll
0x0000000063a30000 - 0x0000000063a65000 	C:\Program Files\Java\jre1.8.0_162\bin\jdwp.dll
0x0000000063be0000 - 0x0000000063be8000 	C:\Program Files\Java\jre1.8.0_162\bin\npt.dll
0x00000000630a0000 - 0x00000000630b6000 	C:\Program Files\Java\jre1.8.0_162\bin\zip.dll
0x00007ff846150000 - 0x00007ff847586000 	C:\WINDOWS\System32\SHELL32.dll
0x00007ff845190000 - 0x00007ff845236000 	C:\WINDOWS\System32\shcore.dll
0x00007ff844990000 - 0x00007ff8450d7000 	C:\WINDOWS\System32\windows.storage.dll
0x00007ff8460f0000 - 0x00007ff846141000 	C:\WINDOWS\System32\shlwapi.dll
0x00007ff844030000 - 0x00007ff844041000 	C:\WINDOWS\System32\kernel.appcore.dll
0x00007ff844050000 - 0x00007ff84409c000 	C:\WINDOWS\System32\powrprof.dll
0x00007ff8440a0000 - 0x00007ff8440bb000 	C:\WINDOWS\System32\profapi.dll
0x0000000063b60000 - 0x0000000063b69000 	C:\Program Files\Java\jre1.8.0_162\bin\dt_socket.dll
0x00007ff840ca0000 - 0x00007ff840cb8000 	C:\WINDOWS\system32\NLAapi.dll
0x00007ff8438a0000 - 0x00007ff843906000 	C:\WINDOWS\System32\mswsock.dll
0x00007ff843670000 - 0x00007ff843726000 	C:\WINDOWS\SYSTEM32\DNSAPI.dll
0x00007ff847870000 - 0x00007ff847878000 	C:\WINDOWS\System32\NSI.dll
0x00007ff843630000 - 0x00007ff843669000 	C:\WINDOWS\SYSTEM32\IPHLPAPI.DLL
0x00007ff83f410000 - 0x00007ff83f41e000 	C:\WINDOWS\System32\winrnr.dll
0x00007ff83cd00000 - 0x00007ff83cd16000 	C:\WINDOWS\system32\napinsp.dll
0x00007ff83cce0000 - 0x00007ff83ccfa000 	C:\WINDOWS\system32\pnrpnsp.dll
0x0000000063f60000 - 0x0000000063f86000 	C:\Program Files\Bonjour\mdnsNSP.dll
0x00007ff82ac70000 - 0x00007ff82ac85000 	C:\WINDOWS\System32\wshbth.dll
0x00007ff839fd0000 - 0x00007ff83a040000 	C:\WINDOWS\System32\fwpuclnt.dll
0x00007ff843b70000 - 0x00007ff843b95000 	C:\WINDOWS\SYSTEM32\bcrypt.dll
0x00007ff838e60000 - 0x00007ff838e6a000 	C:\Windows\System32\rasadhlp.dll
0x0000000063f40000 - 0x0000000063f5a000 	C:\Program Files\Java\jre1.8.0_162\bin\net.dll
0x0000000063ef0000 - 0x0000000063f14000 	C:\Program Files\Java\jre1.8.0_162\bin\sunec.dll
0x00007ff83af80000 - 0x00007ff83af96000 	C:\WINDOWS\SYSTEM32\dhcpcsvc6.DLL
0x00007ff83af60000 - 0x00007ff83af7a000 	C:\WINDOWS\SYSTEM32\dhcpcsvc.DLL
0x0000000063f20000 - 0x0000000063f31000 	C:\Program Files\Java\jre1.8.0_162\bin\nio.dll
0x00007ff843a60000 - 0x00007ff843a77000 	C:\WINDOWS\SYSTEM32\CRYPTSP.dll
0x00007ff8434b0000 - 0x00007ff8434e3000 	C:\WINDOWS\system32\rsaenh.dll
0x00007ff843f10000 - 0x00007ff843f39000 	C:\WINDOWS\SYSTEM32\USERENV.dll
0x00007ff843a80000 - 0x00007ff843a8b000 	C:\WINDOWS\SYSTEM32\CRYPTBASE.dll
0x00007ff835ea0000 - 0x00007ff836068000 	C:\WINDOWS\SYSTEM32\dbghelp.dll

VM Arguments:
jvm_args: -agentlib:jdwp=transport=dt_socket,suspend=y,address=localhost:63703 -ea -Dfile.encoding=GBK 
java_command: org.eclipse.jdt.internal.junit.runner.RemoteTestRunner -version 3 -port 63698 -testLoaderClass org.eclipse.jdt.internal.junit4.runner.JUnit4TestLoader -loaderpluginname org.eclipse.jdt.junit4.runtime -classNames JunitTest.TestRunner
java_class_path (initial): C:\Program Files\Java\jre1.8.0_162\lib\resources.jar;C:\Program Files\Java\jre1.8.0_162\lib\rt.jar;C:\Program Files\Java\jre1.8.0_162\lib\jsse.jar;C:\Program Files\Java\jre1.8.0_162\lib\jce.jar;C:\Program Files\Java\jre1.8.0_162\lib\charsets.jar;C:\Program Files\Java\jre1.8.0_162\lib\jfr.jar;C:\Program Files\Java\jre1.8.0_162\lib\ext\access-bridge-64.jar;C:\Program Files\Java\jre1.8.0_162\lib\ext\cldrdata.jar;C:\Program Files\Java\jre1.8.0_162\lib\ext\dnsns.jar;C:\Program Files\Java\jre1.8.0_162\lib\ext\jaccess.jar;C:\Program Files\Java\jre1.8.0_162\lib\ext\jfxrt.jar;C:\Program Files\Java\jre1.8.0_162\lib\ext\localedata.jar;C:\Program Files\Java\jre1.8.0_162\lib\ext\nashorn.jar;C:\Program Files\Java\jre1.8.0_162\lib\ext\sunec.jar;C:\Program Files\Java\jre1.8.0_162\lib\ext\sunjce_provider.jar;C:\Program Files\Java\jre1.8.0_162\lib\ext\sunmscapi.jar;C:\Program Files\Java\jre1.8.0_162\lib\ext\sunpkcs11.jar;C:\Program Files\Java\jre1.8.0_162\lib\ext\zipfs.jar;C:\AutoTesting\MobileAutoTesting\target\test-classes;C:\AutoTesting\MobileAutoTesting\target\classes;C:\Users\Admin\.m2\repository\junit\junit\4.12\junit-4.12.jar;C:\Users\Admin\.m2\repository\org\hamcrest\hamcrest-core\1.3\hamcrest-core-1.3.jar;C:\Users\Admin\.m2\repository\io\appium\java-client\5.0.4\java-client-5.0.4.jar;C:\Users\Admin\.m2\repository\org\seleniumhq\selenium\selenium-support\3.6.0\selenium-support-3.6.0.jar;C:\Users\Admin\.m2\repository\net\java\dev\jna\jna\4.1.0\jna-4.1.0.jar;C:\Users\Admin\.m2\repository\net\java\dev\jna\jna-platform\4.1.0\jna-platform-4.1.0.jar;C:\Users\Admin\.m2\repository\org\seleniumhq\selenium\selenium-api\3.6.0\selenium-api-3.6.0.jar;C:\Users\Admin\.m2\repository\com\google\code\gson\gson\2.8.2\gson-2.8.2.jar;C:\Users\Admin\.m2\repository\org\apache\httpcomponents\httpclient\4.5.3\httpclient-4.5.3.jar;C:\Users\Admin\.m2\repository\cglib\cglib\3.2.5\cglib-3.2.5.jar;C:\Users\Admin\.m2\repository\org\ow2\asm\asm\5.2\asm-5.2.jar;C:\Users\Admin\.m2
Launcher Type: SUN_STANDARD

Environment Variables:
JAVA_HOME=C:\Program Files\Java\jdk1.8.0_162
CLASSPATH=.;C:\Program Files (x86)\Java\jre6\lib\ext\QTJava.zip
PATH=C:/Program Files/Java/jre1.8.0_162/bin/server;C:/Program Files/Java/jre1.8.0_162/bin;C:/Program Files/Java/jre1.8.0_162/lib/amd64;C:\ProgramData\Oracle\Java\javapath;C:\Program Files\Common Files\Microsoft Shared\Windows Live;C:\WINDOWS\system32;C:\WINDOWS;C:\WINDOWS\System32\Wbem;C:\WINDOWS\System32\WindowsPowerShell\v1.0\;C:\Program Files\Broadcom\Broadcom 802.11 Network Adapter\Driver;C:\Program Files (x86)\Toshiba\Bluetooth Toshiba Stack\sys\;C:\Program Files (x86)\Toshiba\Bluetooth Toshiba Stack\sys\x64\;C:\Program Files (x86)\QuickTime\QTSystem\;C:\Program Files (x86)\Skype\Phone\;C:\Python36-32;C:\Python36-32\Scripts;C:\Android\sdk\tools;C:\Android\sdk\platform-tools;C:\Android\sdk\build-tools\27.0.3;C:\Program Files\nodejs\;C:\Program Files\Java\jdk1.8.0_162\bin;C:\Program Files (x86)\Windows Kits\8.1\Windows Performance Toolkit\;C:\gradle-4.5\bin;C:\Program Files\Git\cmd;C:\Program Files\TortoiseGit\bin;C:\Users\Admin\AppData\Local\Microsoft\WindowsApps;C:\Users\Admin\AppData\Roaming\npm;C:\eclipse;
USERNAME=Admin
OS=Windows_NT
PROCESSOR_IDENTIFIER=Intel64 Family 6 Model 37 Stepping 5, GenuineIntel



---------------  S Y S T E M  ---------------

OS: Windows 10.0 , 64 bit Build 16299 (10.0.16299.15)

CPU:total 4 (initial active 4) (2 cores per cpu, 2 threads per core) family 6 model 37 stepping 5, cmov, cx8, fxsr, mmx, sse, sse2, sse3, ssse3, sse4.1, sse4.2, popcnt, ht, tsc, tscinvbit

Memory: 4k page, physical 3916208k(471352k free), swap 7848368k(2278972k free)

vm_info: Java HotSpot(TM) 64-Bit Server VM (25.162-b12) for windows-amd64 JRE (1.8.0_162-b12), built on Dec 19 2017 20:00:03 by "java_re" with MS VC++ 10.0 (VS2010)

time: Tue Feb 27 13:03:42 2018
elapsed time: 16 seconds (0d 0h 0m 16s)

